<?xml version="1.0" encoding="UTF-8" ?>
<testsuite failures="0" time="11.648" errors="0" skipped="0" tests="2" name="com.zhiyin.event.producer.EventProducerTest">
  <properties>
    <property name="java.runtime.name" value="Java(TM) SE Runtime Environment"/>
    <property name="sun.boot.library.path" value="C:\Program Files (x86)\Java\jdk1.7.0_45\jre\bin"/>
    <property name="java.vm.version" value="24.45-b08"/>
    <property name="java.vm.vendor" value="Oracle Corporation"/>
    <property name="java.vendor.url" value="http://java.oracle.com/"/>
    <property name="path.separator" value=";"/>
    <property name="guice.disable.misplaced.annotation.check" value="true"/>
    <property name="java.vm.name" value="Java HotSpot(TM) Client VM"/>
    <property name="file.encoding.pkg" value="sun.io"/>
    <property name="user.script" value=""/>
    <property name="user.country" value="CN"/>
    <property name="sun.java.launcher" value="SUN_STANDARD"/>
    <property name="sun.os.patch.level" value="Service Pack 1"/>
    <property name="java.vm.specification.name" value="Java Virtual Machine Specification"/>
    <property name="user.dir" value="F:\Experiment\zhiyin-event\zhiyin-event-producer"/>
    <property name="java.runtime.version" value="1.7.0_45-b18"/>
    <property name="java.awt.graphicsenv" value="sun.awt.Win32GraphicsEnvironment"/>
    <property name="java.endorsed.dirs" value="C:\Program Files (x86)\Java\jdk1.7.0_45\jre\lib\endorsed"/>
    <property name="os.arch" value="x86"/>
    <property name="java.io.tmpdir" value="C:\Users\hg\AppData\Local\Temp\"/>
    <property name="line.separator" value="
"/>
    <property name="java.vm.specification.vendor" value="Oracle Corporation"/>
    <property name="user.variant" value=""/>
    <property name="os.name" value="Windows 7"/>
    <property name="classworlds.conf" value="C:\Users\hg\Desktop\zhiyin\workspace\.metadata\.plugins\org.eclipse.m2e.launching\launches\m2conf5377609871120864468.tmp"/>
    <property name="sun.jnu.encoding" value="GBK"/>
    <property name="java.library.path" value="C:\Program Files (x86)\Java\jdk1.7.0_45\bin;C:\Windows\Sun\Java\bin;C:\Windows\system32;C:\Windows;C:\ProgramData\Oracle\Java\javapath;C:\Program Files\Common Files\Microsoft Shared\Windows Live;C:\Program Files (x86)\Common Files\Microsoft Shared\Windows Live;C:\Ruby193\bin;C:\Windows\system32;C:\Windows;C:\Windows\System32\Wbem;C:\Windows\System32\WindowsPowerShell\v1.0\;C:\Program Files\MATLAB\R2012a\runtime\win64;C:\Program Files\MATLAB\R2012a\bin;C:\Program Files (x86)\Windows Kits\8.1\Windows Performance Toolkit\;C:\Program Files\Microsoft SQL Server\110\Tools\Binn\;C:\Program Files\TortoiseSVN\bin;C:\Program Files\Java\jdk1.7.0_45\bin;E:\Software\apache-maven-3.3.1\bin;E:\Software\hadoop-2.2.0\bin;C:\Program Files (x86)\VisualSVN\bin;C:\Program Files (x86)\Windows Live\Shared;C:\Python27;E:\Software\gradle-2.2.1\bin;E:\Software\sbt\bin;C:\Program Files (x86)\Git\bin;C:\Program Files\erl6.4\bin;c:\users\hg\appdata\local\enthought\canopy\user\scripts;C:\Users\hg\AppData\Local\Enthought\Canopy\User;C:\Users\hg\AppData\Local\Enthought\Canopy\User\Scripts;C:\Users\hg\AppData\Local\VanDyke Software\Clients\;."/>
    <property name="java.specification.name" value="Java Platform API Specification"/>
    <property name="java.class.version" value="51.0"/>
    <property name="sun.management.compiler" value="HotSpot Client Compiler"/>
    <property name="os.version" value="6.1"/>
    <property name="user.home" value="C:\Users\hg"/>
    <property name="user.timezone" value="Asia/Shanghai"/>
    <property name="java.awt.printerjob" value="sun.awt.windows.WPrinterJob"/>
    <property name="java.specification.version" value="1.7"/>
    <property name="file.encoding" value="GBK"/>
    <property name="user.name" value="hg"/>
    <property name="java.class.path" value="/C:/springsource/sts-3.4.0.RELEASE/configuration/org.eclipse.osgi/bundles/578/1/.cp/jars/plexus-classworlds-2.4.jar"/>
    <property name="java.vm.specification.version" value="1.7"/>
    <property name="sun.arch.data.model" value="32"/>
    <property name="java.home" value="C:\Program Files (x86)\Java\jdk1.7.0_45\jre"/>
    <property name="sun.java.command" value="org.codehaus.plexus.classworlds.launcher.Launcher -B -s E:\Software\apache-maven-3.3.1\conf\settings.xml install"/>
    <property name="java.specification.vendor" value="Oracle Corporation"/>
    <property name="user.language" value="zh"/>
    <property name="awt.toolkit" value="sun.awt.windows.WToolkit"/>
    <property name="java.vm.info" value="mixed mode, sharing"/>
    <property name="java.version" value="1.7.0_45"/>
    <property name="java.ext.dirs" value="C:\Program Files (x86)\Java\jdk1.7.0_45\jre\lib\ext;C:\Windows\Sun\Java\lib\ext"/>
    <property name="sun.boot.class.path" value="C:\Program Files (x86)\Java\jdk1.7.0_45\jre\lib\resources.jar;C:\Program Files (x86)\Java\jdk1.7.0_45\jre\lib\rt.jar;C:\Program Files (x86)\Java\jdk1.7.0_45\jre\lib\sunrsasign.jar;C:\Program Files (x86)\Java\jdk1.7.0_45\jre\lib\jsse.jar;C:\Program Files (x86)\Java\jdk1.7.0_45\jre\lib\jce.jar;C:\Program Files (x86)\Java\jdk1.7.0_45\jre\lib\charsets.jar;C:\Program Files (x86)\Java\jdk1.7.0_45\jre\lib\jfr.jar;C:\Program Files (x86)\Java\jdk1.7.0_45\jre\classes"/>
    <property name="java.vendor" value="Oracle Corporation"/>
    <property name="maven.home" value="F:\Experiment\zhiyin-event\zhiyin-event-producer\EMBEDDED"/>
    <property name="file.separator" value="\"/>
    <property name="java.vendor.url.bug" value="http://bugreport.sun.com/bugreport/"/>
    <property name="maven.bootclasspath" value="/C:/springsource/sts-3.4.0.RELEASE/configuration/org.eclipse.osgi/bundles/578/1/.cp/jars/plexus-classworlds-2.4.jar"/>
    <property name="sun.cpu.endian" value="little"/>
    <property name="sun.io.unicode.encoding" value="UnicodeLittle"/>
    <property name="sun.desktop" value="windows"/>
    <property name="sun.cpu.isalist" value="pentium_pro+mmx pentium_pro pentium+mmx pentium i486 i386 i86"/>
  </properties>
  <testcase time="1.456" classname="com.zhiyin.event.producer.EventProducerTest" name="testPublishFull"/>
  <testcase time="9.998" classname="com.zhiyin.event.producer.EventProducerTest" name="testPublish"/>
</testsuite>