<?xml version="1.0" encoding="UTF-8"?>
<testsuite xmlns:xsi="http://www.w3.org/2001/XMLSchema-instance" xsi:schemaLocation="https://maven.apache.org/surefire/maven-surefire-plugin/xsd/surefire-test-report.xsd" name="com.zhiyin.queue.core.factory.QueueEventGenFactoryTest" time="0.084" tests="1" errors="1" skipped="0" failures="0">
  <properties>
    <property name="idea.version" value="15.0.2"/>
    <property name="java.runtime.name" value="Java(TM) SE Runtime Environment"/>
    <property name="sun.boot.library.path" value="C:\Program Files\Java\jdk1.7.0_75\jre\bin"/>
    <property name="java.vm.version" value="24.75-b04"/>
    <property name="java.vm.vendor" value="Oracle Corporation"/>
    <property name="java.vendor.url" value="http://java.oracle.com/"/>
    <property name="path.separator" value=";"/>
    <property name="guice.disable.misplaced.annotation.check" value="true"/>
    <property name="java.vm.name" value="Java HotSpot(TM) 64-Bit Server VM"/>
    <property name="file.encoding.pkg" value="sun.io"/>
    <property name="idea.launcher.port" value="7534"/>
    <property name="user.script" value=""/>
    <property name="user.country" value="CN"/>
    <property name="sun.java.launcher" value="SUN_STANDARD"/>
    <property name="sun.os.patch.level" value=""/>
    <property name="java.vm.specification.name" value="Java Virtual Machine Specification"/>
    <property name="user.dir" value="E:\Github\DeepStudy\zhiyin-queue\zhiyin-queue-core"/>
    <property name="java.runtime.version" value="1.7.0_75-b13"/>
    <property name="java.awt.graphicsenv" value="sun.awt.Win32GraphicsEnvironment"/>
    <property name="java.endorsed.dirs" value="C:\Program Files\Java\jdk1.7.0_75\jre\lib\endorsed"/>
    <property name="os.arch" value="amd64"/>
    <property name="java.io.tmpdir" value="C:\Users\WANGQI~1\AppData\Local\Temp\"/>
    <property name="line.separator" value="&#10;"/>
    <property name="java.vm.specification.vendor" value="Oracle Corporation"/>
    <property name="user.variant" value=""/>
    <property name="os.name" value="Windows 8.1"/>
    <property name="classworlds.conf" value="E:\Software\apache-maven-3.2.5\bin\m2.conf"/>
    <property name="sun.jnu.encoding" value="GBK"/>
    <property name="java.library.path" value="C:\Program Files\Java\jdk1.7.0_75\bin;C:\Windows\Sun\Java\bin;C:\Windows\system32;C:\Windows;E:\oracle\product\10.2.0\client_1\bin;C:\Windows\system32;C:\Windows;C:\Windows\System32\Wbem;C:\Windows\System32\WindowsPowerShell\v1.0\;C:\Program Files\Intel\WiFi\bin\;C:\Program Files\Common Files\Intel\WirelessCommon\;C:\Program Files\TortoiseSVN\bin;C:\Program Files\VanDyke Software\Clients\;C:\Program Files\Java\jdk1.7.0_75\bin;E:\Software\apache-maven-3.2.5\bin;E:\Software\gradle-2.4\bin;C:\HashiCorp\Vagrant\bin;C:\Program Files\nodejs\;C:\Program Files\Intel\WiFi\bin\;C:\Program Files\Common Files\Intel\WirelessCommon\;C:\Program Files\Docker Toolbox;C:\Users\wangqinghui\AppData\Roaming\npm;."/>
    <property name="java.specification.name" value="Java Platform API Specification"/>
    <property name="java.class.version" value="51.0"/>
    <property name="java.net.preferIPv4Stack" value="true"/>
    <property name="sun.management.compiler" value="HotSpot 64-Bit Tiered Compilers"/>
    <property name="maven.repo.local" value="E:\MavenRepository"/>
    <property name="os.version" value="6.3"/>
    <property name="user.home" value="C:\Users\wangqinghui"/>
    <property name="user.timezone" value="Asia/Shanghai"/>
    <property name="java.awt.printerjob" value="sun.awt.windows.WPrinterJob"/>
    <property name="java.specification.version" value="1.7"/>
    <property name="idea.launcher.bin.path" value="C:\Program Files (x86)\JetBrains\IntelliJ IDEA 15.0.2\bin"/>
    <property name="file.encoding" value="UTF-8"/>
    <property name="user.name" value="wangqinghui"/>
    <property name="java.class.path" value="E:\Software\apache-maven-3.2.5\boot\plexus-classworlds-2.5.2.jar;C:\Program Files (x86)\JetBrains\IntelliJ IDEA 15.0.2\lib\idea_rt.jar"/>
    <property name="java.vm.specification.version" value="1.7"/>
    <property name="sun.arch.data.model" value="64"/>
    <property name="java.home" value="C:\Program Files\Java\jdk1.7.0_75\jre"/>
    <property name="sun.java.command" value="com.intellij.rt.execution.application.AppMain org.codehaus.classworlds.Launcher -Didea.version=15.0.2 -s E:\Software\apache-maven-3.2.5\conf\setting.xml -Dmaven.repo.local=E:\MavenRepository install"/>
    <property name="java.specification.vendor" value="Oracle Corporation"/>
    <property name="user.language" value="zh"/>
    <property name="awt.toolkit" value="sun.awt.windows.WToolkit"/>
    <property name="java.vm.info" value="mixed mode"/>
    <property name="java.version" value="1.7.0_75"/>
    <property name="java.ext.dirs" value="C:\Program Files\Java\jdk1.7.0_75\jre\lib\ext;C:\Windows\Sun\Java\lib\ext"/>
    <property name="sun.boot.class.path" value="C:\Program Files\Java\jdk1.7.0_75\jre\lib\resources.jar;C:\Program Files\Java\jdk1.7.0_75\jre\lib\rt.jar;C:\Program Files\Java\jdk1.7.0_75\jre\lib\sunrsasign.jar;C:\Program Files\Java\jdk1.7.0_75\jre\lib\jsse.jar;C:\Program Files\Java\jdk1.7.0_75\jre\lib\jce.jar;C:\Program Files\Java\jdk1.7.0_75\jre\lib\charsets.jar;C:\Program Files\Java\jdk1.7.0_75\jre\lib\jfr.jar;C:\Program Files\Java\jdk1.7.0_75\jre\classes"/>
    <property name="java.vendor" value="Oracle Corporation"/>
    <property name="maven.home" value="E:\Software\apache-maven-3.2.5"/>
    <property name="file.separator" value="\"/>
    <property name="java.vendor.url.bug" value="http://bugreport.sun.com/bugreport/"/>
    <property name="sun.cpu.endian" value="little"/>
    <property name="sun.io.unicode.encoding" value="UnicodeLittle"/>
    <property name="sun.desktop" value="windows"/>
    <property name="sun.cpu.isalist" value="amd64"/>
  </properties>
  <testcase name="testGenTest" classname="com.zhiyin.queue.core.factory.QueueEventGenFactoryTest" time="0.006">
    <error message="Unresolved compilation problem: &#10;	The method setId(Long) is undefined for the type ContentAddBody&#10;" type="java.lang.Error">java.lang.Error: 
Unresolved compilation problem: 
	The method setId(Long) is undefined for the type ContentAddBody

	at com.zhiyin.queue.core.factory.QueueEventGenFactoryTest.testGenTest(QueueEventGenFactoryTest.java:19)
</error>
    <system-err><![CDATA[SLF4J: Failed to load class "org.slf4j.impl.StaticLoggerBinder".
SLF4J: Defaulting to no-operation (NOP) logger implementation
SLF4J: See http://www.slf4j.org/codes.html#StaticLoggerBinder for further details.
]]></system-err>
  </testcase>
</testsuite>